Determining if the pthread_create exist failed with the following output:
Change Dir: /home/rania/act2/build/CMakeFiles/CMakeTmp

Run Build Command:/usr/bin/make "cmTryCompileExec3352218007/fast"
/usr/bin/make -f CMakeFiles/cmTryCompileExec3352218007.dir/build.make CMakeFiles/cmTryCompileExec3352218007.dir/build
make[1]: Entering directory `/home/rania/act2/build/CMakeFiles/CMakeTmp'
/usr/bin/cmake -E cmake_progress_report /home/rania/act2/build/CMakeFiles/CMakeTmp/CMakeFiles 1
Building C object CMakeFiles/cmTryCompileExec3352218007.dir/CheckSymbolExists.c.o
/usr/bin/cc    -o CMakeFiles/cmTryCompileExec3352218007.dir/CheckSymbolExists.c.o   -c /home/rania/act2/build/CMakeFiles/CMakeTmp/CheckSymbolExists.c
Linking C executable cmTryCompileExec3352218007
/usr/bin/cmake -E cmake_link_script CMakeFiles/cmTryCompileExec3352218007.dir/link.txt --verbose=1
/usr/bin/cc       CMakeFiles/cmTryCompileExec3352218007.dir/CheckSymbolExists.c.o  -o cmTryCompileExec3352218007 -rdynamic 
CMakeFiles/cmTryCompileExec3352218007.dir/CheckSymbolExists.c.o: In function `main':
CheckSymbolExists.c:(.text+0x16): undefined reference to `pthread_create'
collect2: error: ld returned 1 exit status
make[1]: Leaving directory `/home/rania/act2/build/CMakeFiles/CMakeTmp'
make[1]: *** [cmTryCompileExec3352218007] Error 1
make: *** [cmTryCompileExec3352218007/fast] Error 2

File /home/rania/act2/build/CMakeFiles/CMakeTmp/CheckSymbolExists.c:
/* */
#include <pthread.h>

int main(int argc, char** argv)
{
  (void)argv;
#ifndef pthread_create
  return ((int*)(&pthread_create))[argc];
#else
  (void)argc;
  return 0;
#endif
}

Determining if the function pthread_create exists in the pthreads failed with the following output:
Change Dir: /home/rania/act2/build/CMakeFiles/CMakeTmp

Run Build Command:/usr/bin/make "cmTryCompileExec137176453/fast"
/usr/bin/make -f CMakeFiles/cmTryCompileExec137176453.dir/build.make CMakeFiles/cmTryCompileExec137176453.dir/build
make[1]: Entering directory `/home/rania/act2/build/CMakeFiles/CMakeTmp'
/usr/bin/cmake -E cmake_progress_report /home/rania/act2/build/CMakeFiles/CMakeTmp/CMakeFiles 1
Building C object CMakeFiles/cmTryCompileExec137176453.dir/CheckFunctionExists.c.o
/usr/bin/cc   -DCHECK_FUNCTION_EXISTS=pthread_create   -o CMakeFiles/cmTryCompileExec137176453.dir/CheckFunctionExists.c.o   -c /usr/share/cmake-2.8/Modules/CheckFunctionExists.c
Linking C executable cmTryCompileExec137176453
/usr/bin/cmake -E cmake_link_script CMakeFiles/cmTryCompileExec137176453.dir/link.txt --verbose=1
/usr/bin/cc   -DCHECK_FUNCTION_EXISTS=pthread_create    CMakeFiles/cmTryCompileExec137176453.dir/CheckFunctionExists.c.o  -o cmTryCompileExec137176453 -rdynamic -lpthreads 
/usr/bin/ld: cannot find -lpthreads
collect2: error: ld returned 1 exit status
make[1]: Leaving directory `/home/rania/act2/build/CMakeFiles/CMakeTmp'
make[1]: *** [cmTryCompileExec137176453] Error 1
make: *** [cmTryCompileExec137176453/fast] Error 2


